Performing C SOURCE FILE Test CMAKE_HAVE_LIBC_PTHREAD failed with the following output:
Change Dir: /home/alperen/Dev/chrono_tutorial/build_chrono/CMakeFiles/CMakeTmp

Run Build Command(s):/usr/bin/make -f Makefile cmTC_2f17e/fast && /usr/bin/make  -f CMakeFiles/cmTC_2f17e.dir/build.make CMakeFiles/cmTC_2f17e.dir/build
make[1]: Entering directory '/home/alperen/Dev/chrono_tutorial/build_chrono/CMakeFiles/CMakeTmp'
Building C object CMakeFiles/cmTC_2f17e.dir/src.c.o
/usr/bin/cc -DCMAKE_HAVE_LIBC_PTHREAD   -o CMakeFiles/cmTC_2f17e.dir/src.c.o -c /home/alperen/Dev/chrono_tutorial/build_chrono/CMakeFiles/CMakeTmp/src.c
Linking C executable cmTC_2f17e
/snap/cmake/1070/bin/cmake -E cmake_link_script CMakeFiles/cmTC_2f17e.dir/link.txt --verbose=1
/usr/bin/cc CMakeFiles/cmTC_2f17e.dir/src.c.o -o cmTC_2f17e 
/usr/bin/ld: CMakeFiles/cmTC_2f17e.dir/src.c.o: in function `main':
src.c:(.text+0x46): undefined reference to `pthread_create'
/usr/bin/ld: src.c:(.text+0x52): undefined reference to `pthread_detach'
/usr/bin/ld: src.c:(.text+0x5e): undefined reference to `pthread_cancel'
/usr/bin/ld: src.c:(.text+0x6f): undefined reference to `pthread_join'
collect2: error: ld returned 1 exit status
make[1]: *** [CMakeFiles/cmTC_2f17e.dir/build.make:99: cmTC_2f17e] Error 1
make[1]: Leaving directory '/home/alperen/Dev/chrono_tutorial/build_chrono/CMakeFiles/CMakeTmp'
make: *** [Makefile:127: cmTC_2f17e/fast] Error 2


Source file was:
#include <pthread.h>

static void* test_func(void* data)
{
  return data;
}

int main(void)
{
  pthread_t thread;
  pthread_create(&thread, NULL, test_func, NULL);
  pthread_detach(thread);
  pthread_cancel(thread);
  pthread_join(thread, NULL);
  pthread_atfork(NULL, NULL, NULL);
  pthread_exit(NULL);

  return 0;
}

Performing C++ SOURCE FILE Test DETECTED_NEON failed with the following compile output:
Change Dir: /home/alperen/Dev/chrono_tutorial/build_chrono/CMakeFiles/CMakeTmp

Run Build Command(s):/usr/bin/make -f Makefile cmTC_47a3f/fast && /usr/bin/make  -f CMakeFiles/cmTC_47a3f.dir/build.make CMakeFiles/cmTC_47a3f.dir/build
make[1]: Entering directory '/home/alperen/Dev/chrono_tutorial/build_chrono/CMakeFiles/CMakeTmp'
Building CXX object CMakeFiles/cmTC_47a3f.dir/src.cxx.o
/usr/bin/c++ -DDETECTED_NEON  -pthread -fopenmp  -o CMakeFiles/cmTC_47a3f.dir/src.cxx.o -c /home/alperen/Dev/chrono_tutorial/build_chrono/CMakeFiles/CMakeTmp/src.cxx
/home/alperen/Dev/chrono_tutorial/build_chrono/CMakeFiles/CMakeTmp/src.cxx:2:10: fatal error: arm_neon.h: No such file or directory
    2 | #include <arm_neon.h>
      |          ^~~~~~~~~~~~
compilation terminated.
make[1]: *** [CMakeFiles/cmTC_47a3f.dir/build.make:78: CMakeFiles/cmTC_47a3f.dir/src.cxx.o] Error 1
make[1]: Leaving directory '/home/alperen/Dev/chrono_tutorial/build_chrono/CMakeFiles/CMakeTmp'
make: *** [Makefile:127: cmTC_47a3f/fast] Error 2


...and run output:

Return value: 1
Source file was:

#include <arm_neon.h>
int main()
{
  float64_t a[2] = {  1., 2. };
  float64_t b[2] = { -1., 3. };
  float64_t c[2];

  float64x2_t va = vld1q_f64(&a[0]);
  float64x2_t vb = vld1q_f64(&b[0]);
  float64x2_t vc = vaddq_f64(va, vb);
  vst1q_f64(&c[0], vc);

  if (c[0] == 0. && c[1] == 5.)
    return 0;
  else
    return 0;
}

